# JRE version: OpenJDK Runtime Environment (11.0.4+10) (build 11.0.4+10-b304.77)
# Java VM: OpenJDK 64-Bit Server VM (11.0.4+10-b304.77, mixed mode, sharing, tiered, compressed oops, g1 gc, windows-amd64)
Heap:
 garbage-first heap   total 260096K, used 22619K [0x0000000702800000, 0x0000000800000000)
  region size 1024K, 12 young (12288K), 7 survivors (7168K)
 Metaspace       used 35445K, capacity 36585K, committed 36784K, reserved 1085440K
  class space    used 4604K, capacity 5048K, committed 5120K, reserved 1048576K
GC Heap History (10 events):
Event: 1.033 GC heap before
{Heap before GC invocations=0 (full 0):
 garbage-first heap   total 260096K, used 24576K [0x0000000702800000, 0x0000000800000000)
  region size 1024K, 24 young (24576K), 0 survivors (0K)
 Metaspace       used 2855K, capacity 5615K, committed 5760K, reserved 1056768K
  class space    used 270K, capacity 550K, committed 640K, reserved 1048576K
}
Event: 1.043 GC heap after
{Heap after GC invocations=1 (full 0):
 garbage-first heap   total 260096K, used 6489K [0x0000000702800000, 0x0000000800000000)
  region size 1024K, 3 young (3072K), 3 survivors (3072K)
 Metaspace       used 2855K, capacity 5615K, committed 5760K, reserved 1056768K
  class space    used 270K, capacity 550K, committed 640K, reserved 1048576K
}
Event: 6.711 GC heap before
{Heap before GC invocations=1 (full 0):
 garbage-first heap   total 260096K, used 116057K [0x0000000702800000, 0x0000000800000000)
  region size 1024K, 111 young (113664K), 3 survivors (3072K)
 Metaspace       used 20511K, capacity 21137K, committed 21296K, reserved 1067008K
  class space    used 2609K, capacity 2887K, committed 2944K, reserved 1048576K
}
Event: 6.731 GC heap after
{Heap after GC invocations=2 (full 0):
 garbage-first heap   total 260096K, used 11545K [0x0000000702800000, 0x0000000800000000)
  region size 1024K, 8 young (8192K), 8 survivors (8192K)
 Metaspace       used 20511K, capacity 21137K, committed 21296K, reserved 1067008K
  class space    used 2609K, capacity 2887K, committed 2944K, reserved 1048576K
}
Event: 7.137 GC heap before
{Heap before GC invocations=3 (full 0):
 garbage-first heap   total 260096K, used 33049K [0x0000000702800000, 0x0000000800000000)
  region size 1024K, 29 young (29696K), 8 survivors (8192K)
 Metaspace       used 22107K, capacity 22855K, committed 23088K, reserved 1069056K
  class space    used 2826K, capacity 3117K, committed 3200K, reserved 1048576K
}
Event: 7.148 GC heap after
{Heap after GC invocations=4 (full 0):
 garbage-first heap   total 260096K, used 13940K [0x0000000702800000, 0x0000000800000000)
  region size 1024K, 3 young (3072K), 3 survivors (3072K)
 Metaspace       used 22107K, capacity 22855K, committed 23088K, reserved 1069056K
  class space    used 2826K, capacity 3117K, committed 3200K, reserved 1048576K
}
Event: 11.896 GC heap before
{Heap before GC invocations=4 (full 0):
 garbage-first heap   total 260096K, used 90740K [0x0000000702800000, 0x0000000800000000)
  region size 1024K, 75 young (76800K), 3 survivors (3072K)
 Metaspace       used 31295K, capacity 32266K, committed 32432K, reserved 1077248K
  class space    used 3952K, capacity 4341K, committed 4352K, reserved 1048576K
}
Event: 11.902 GC heap after
{Heap after GC invocations=5 (full 0):
 garbage-first heap   total 260096K, used 16821K [0x0000000702800000, 0x0000000800000000)
  region size 1024K, 6 young (6144K), 6 survivors (6144K)
 Metaspace       used 31295K, capacity 32266K, committed 32432K, reserved 1077248K
  class space    used 3952K, capacity 4341K, committed 4352K, reserved 1048576K
}
Event: 12.763 GC heap before
{Heap before GC invocations=5 (full 0):
 garbage-first heap   total 260096K, used 50613K [0x0000000702800000, 0x0000000800000000)
  region size 1024K, 40 young (40960K), 6 survivors (6144K)
 Metaspace       used 34749K, capacity 35824K, committed 35888K, reserved 1081344K
  class space    used 4508K, capacity 4946K, committed 4992K, reserved 1048576K
}
Event: 12.773 GC heap after
{Heap after GC invocations=6 (full 0):
 garbage-first heap   total 260096K, used 18523K [0x0000000702800000, 0x0000000800000000)
  region size 1024K, 7 young (7168K), 7 survivors (7168K)
 Metaspace       used 34749K, capacity 35824K, committed 35888K, reserved 1081344K
  class space    used 4508K, capacity 4946K, committed 4992K, reserved 1048576K
}

